{"total": {"lines":{"total":99,"covered":98,"skipped":0,"pct":98.98},"statements":{"total":116,"covered":115,"skipped":0,"pct":99.13},"functions":{"total":30,"covered":30,"skipped":0,"pct":100},"branches":{"total":74,"covered":71,"skipped":0,"pct":95.94},"branchesTrue":{"total":0,"covered":0,"skipped":0,"pct":100}}
,"C:\\Users\\aidan\\Documents\\GitHub\\NurseSim\\web\\src\\assets\\MainBackground.png": {"lines":{"total":0,"covered":0,"skipped":0,"pct":100},"functions":{"total":0,"covered":0,"skipped":0,"pct":100},"statements":{"total":0,"covered":0,"skipped":0,"pct":100},"branches":{"total":0,"covered":0,"skipped":0,"pct":100}}
,"C:\\Users\\aidan\\Documents\\GitHub\\NurseSim\\web\\src\\features\\auth\\LoginPage.tsx": {"lines":{"total":28,"covered":28,"skipped":0,"pct":100},"functions":{"total":7,"covered":7,"skipped":0,"pct":100},"statements":{"total":34,"covered":34,"skipped":0,"pct":100},"branches":{"total":22,"covered":22,"skipped":0,"pct":100}}
,"C:\\Users\\aidan\\Documents\\GitHub\\NurseSim\\web\\src\\features\\auth\\SignUpPage.tsx": {"lines":{"total":59,"covered":58,"skipped":0,"pct":98.3},"functions":{"total":16,"covered":16,"skipped":0,"pct":100},"statements":{"total":70,"covered":69,"skipped":0,"pct":98.57},"branches":{"total":52,"covered":49,"skipped":0,"pct":94.23}}
,"C:\\Users\\aidan\\Documents\\GitHub\\NurseSim\\web\\src\\features\\landing\\LandingPage.tsx": {"lines":{"total":5,"covered":5,"skipped":0,"pct":100},"functions":{"total":3,"covered":3,"skipped":0,"pct":100},"statements":{"total":5,"covered":5,"skipped":0,"pct":100},"branches":{"total":0,"covered":0,"skipped":0,"pct":100}}
,"C:\\Users\\aidan\\Documents\\GitHub\\NurseSim\\web\\src\\features\\profile\\ProfilePage.tsx": {"lines":{"total":6,"covered":6,"skipped":0,"pct":100},"functions":{"total":3,"covered":3,"skipped":0,"pct":100},"statements":{"total":6,"covered":6,"skipped":0,"pct":100},"branches":{"total":0,"covered":0,"skipped":0,"pct":100}}
,"C:\\Users\\aidan\\Documents\\GitHub\\NurseSim\\web\\src\\lib\\validate.ts": {"lines":{"total":1,"covered":1,"skipped":0,"pct":100},"functions":{"total":1,"covered":1,"skipped":0,"pct":100},"statements":{"total":1,"covered":1,"skipped":0,"pct":100},"branches":{"total":0,"covered":0,"skipped":0,"pct":100}}
,"C:\\Users\\aidan\\Documents\\GitHub\\NurseSim\\web\\src\\styles\\classroom.css": {"lines":{"total":0,"covered":0,"skipped":0,"pct":100},"functions":{"total":0,"covered":0,"skipped":0,"pct":100},"statements":{"total":0,"covered":0,"skipped":0,"pct":100},"branches":{"total":0,"covered":0,"skipped":0,"pct":100}}
,"C:\\Users\\aidan\\Documents\\GitHub\\NurseSim\\web\\src\\styles\\landing.css": {"lines":{"total":0,"covered":0,"skipped":0,"pct":100},"functions":{"total":0,"covered":0,"skipped":0,"pct":100},"statements":{"total":0,"covered":0,"skipped":0,"pct":100},"branches":{"total":0,"covered":0,"skipped":0,"pct":100}}
,"C:\\Users\\aidan\\Documents\\GitHub\\NurseSim\\web\\src\\styles\\profile.css": {"lines":{"total":0,"covered":0,"skipped":0,"pct":100},"functions":{"total":0,"covered":0,"skipped":0,"pct":100},"statements":{"total":0,"covered":0,"skipped":0,"pct":100},"branches":{"total":0,"covered":0,"skipped":0,"pct":100}}
}
