{"total": {"lines":{"total":88,"covered":66,"skipped":0,"pct":75},"statements":{"total":105,"covered":80,"skipped":0,"pct":76.19},"functions":{"total":24,"covered":17,"skipped":0,"pct":70.83},"branches":{"total":74,"covered":57,"skipped":0,"pct":77.02},"branchesTrue":{"total":0,"covered":0,"skipped":0,"pct":100}}
,"C:\\Users\\aidan\\Documents\\GitHub\\NurseSim\\web\\src\\features\\auth\\LoginPage.tsx": {"lines":{"total":28,"covered":28,"skipped":0,"pct":100},"functions":{"total":7,"covered":7,"skipped":0,"pct":100},"statements":{"total":34,"covered":34,"skipped":0,"pct":100},"branches":{"total":22,"covered":22,"skipped":0,"pct":100}}
,"C:\\Users\\aidan\\Documents\\GitHub\\NurseSim\\web\\src\\features\\auth\\SignUpPage.tsx": {"lines":{"total":59,"covered":37,"skipped":0,"pct":62.71},"functions":{"total":16,"covered":9,"skipped":0,"pct":56.25},"statements":{"total":70,"covered":45,"skipped":0,"pct":64.28},"branches":{"total":52,"covered":35,"skipped":0,"pct":67.3}}
,"C:\\Users\\aidan\\Documents\\GitHub\\NurseSim\\web\\src\\lib\\validate.ts": {"lines":{"total":1,"covered":1,"skipped":0,"pct":100},"functions":{"total":1,"covered":1,"skipped":0,"pct":100},"statements":{"total":1,"covered":1,"skipped":0,"pct":100},"branches":{"total":0,"covered":0,"skipped":0,"pct":100}}
}
